生成启动时间为 2016/6/5 22:49:09。
     1>项目“F:\learn_opengl\learn_opengl\build\sb7.vcxproj”在节点 2 上(Build 个目标)。
     1>ClCompile:
         C:\Program Files (x86)\Microsoft Visual Studio 11.0\VC\bin\CL.exe /c /IF:\learn_opengl\learn_opengl\include /I"F:\learn_opengl\learn_opengl\extern\glfw-3.0.4\include" /Zi /nologo /W3 /WX- /Od /Ob0 /Oy- /D WIN32 /D _WINDOWS /D _DEBUG /D "CMAKE_INTDIR=\"Debug\"" /D _MBCS /Gm- /EHsc /RTC1 /MDd /GS /fp:precise /Zc:wchar_t /Zc:forScope /GR /openmp /Fo"sb7.dir\Debug\\" /Fd"sb7.dir\Debug\vc110.pdb" /Gd /TP /analyze- /errorReport:prompt F:\learn_opengl\learn_opengl\src\sb7\sb7fbxmodel.cpp
         sb7fbxmodel.cpp
     1>F:\learn_opengl\learn_opengl\include\sb7.h : warning C4819: 该文件包含不能在当前代码页(936)中表示的字符。请将该文件保存为 Unicode 格式以防止数据丢失
     1>f:\learn_opengl\learn_opengl\include\sb7ext.h : warning C4819: 该文件包含不能在当前代码页(936)中表示的字符。请将该文件保存为 Unicode 格式以防止数据丢失
     1>F:\learn_opengl\learn_opengl\include\sb7.h(180): warning C4996: 'strcpy': This function or variable may be unsafe. Consider using strcpy_s instead. To disable deprecation, use _CRT_SECURE_NO_WARNINGS. See online help for details.
                 C:\Program Files (x86)\Microsoft Visual Studio 11.0\VC\include\string.h(110) : 参见“strcpy”的声明
     1>F:\learn_opengl\learn_opengl\src\sb7\sb7fbxmodel.cpp(120): warning C4244: “=”: 从“fbxsdk::FbxDouble”转换到“float”，可能丢失数据
     1>F:\learn_opengl\learn_opengl\src\sb7\sb7fbxmodel.cpp(121): warning C4244: “=”: 从“fbxsdk::FbxDouble”转换到“float”，可能丢失数据
     1>F:\learn_opengl\learn_opengl\src\sb7\sb7fbxmodel.cpp(122): warning C4244: “=”: 从“fbxsdk::FbxDouble”转换到“float”，可能丢失数据
     1>F:\learn_opengl\learn_opengl\src\sb7\sb7fbxmodel.cpp(141): warning C4244: “=”: 从“double”转换到“float”，可能丢失数据
     1>F:\learn_opengl\learn_opengl\src\sb7\sb7fbxmodel.cpp(142): warning C4244: “=”: 从“double”转换到“float”，可能丢失数据
     1>F:\learn_opengl\learn_opengl\src\sb7\sb7fbxmodel.cpp(143): warning C4244: “=”: 从“double”转换到“float”，可能丢失数据
     1>F:\learn_opengl\learn_opengl\src\sb7\sb7fbxmodel.cpp(144): warning C4244: “=”: 从“double”转换到“float”，可能丢失数据
     1>F:\learn_opengl\learn_opengl\src\sb7\sb7fbxmodel.cpp(151): warning C4244: “=”: 从“double”转换到“float”，可能丢失数据
     1>F:\learn_opengl\learn_opengl\src\sb7\sb7fbxmodel.cpp(152): warning C4244: “=”: 从“double”转换到“float”，可能丢失数据
     1>F:\learn_opengl\learn_opengl\src\sb7\sb7fbxmodel.cpp(153): warning C4244: “=”: 从“double”转换到“float”，可能丢失数据
     1>F:\learn_opengl\learn_opengl\src\sb7\sb7fbxmodel.cpp(154): warning C4244: “=”: 从“double”转换到“float”，可能丢失数据
     1>F:\learn_opengl\learn_opengl\src\sb7\sb7fbxmodel.cpp(170): warning C4244: “=”: 从“double”转换到“float”，可能丢失数据
     1>F:\learn_opengl\learn_opengl\src\sb7\sb7fbxmodel.cpp(171): warning C4244: “=”: 从“double”转换到“float”，可能丢失数据
     1>F:\learn_opengl\learn_opengl\src\sb7\sb7fbxmodel.cpp(172): warning C4244: “=”: 从“double”转换到“float”，可能丢失数据
     1>F:\learn_opengl\learn_opengl\src\sb7\sb7fbxmodel.cpp(173): warning C4244: “=”: 从“double”转换到“float”，可能丢失数据
     1>F:\learn_opengl\learn_opengl\src\sb7\sb7fbxmodel.cpp(179): warning C4244: “=”: 从“double”转换到“float”，可能丢失数据
     1>F:\learn_opengl\learn_opengl\src\sb7\sb7fbxmodel.cpp(180): warning C4244: “=”: 从“double”转换到“float”，可能丢失数据
     1>F:\learn_opengl\learn_opengl\src\sb7\sb7fbxmodel.cpp(181): warning C4244: “=”: 从“double”转换到“float”，可能丢失数据
     1>F:\learn_opengl\learn_opengl\src\sb7\sb7fbxmodel.cpp(182): warning C4244: “=”: 从“double”转换到“float”，可能丢失数据
     1>F:\learn_opengl\learn_opengl\src\sb7\sb7fbxmodel.cpp(210): warning C4244: “=”: 从“fbxsdk::FbxDouble”转换到“float”，可能丢失数据
     1>F:\learn_opengl\learn_opengl\src\sb7\sb7fbxmodel.cpp(211): warning C4244: “=”: 从“fbxsdk::FbxDouble”转换到“float”，可能丢失数据
     1>F:\learn_opengl\learn_opengl\src\sb7\sb7fbxmodel.cpp(218): warning C4244: “=”: 从“fbxsdk::FbxDouble”转换到“float”，可能丢失数据
     1>F:\learn_opengl\learn_opengl\src\sb7\sb7fbxmodel.cpp(219): warning C4244: “=”: 从“fbxsdk::FbxDouble”转换到“float”，可能丢失数据
     1>F:\learn_opengl\learn_opengl\src\sb7\sb7fbxmodel.cpp(236): warning C4244: “=”: 从“fbxsdk::FbxDouble”转换到“float”，可能丢失数据
     1>F:\learn_opengl\learn_opengl\src\sb7\sb7fbxmodel.cpp(237): warning C4244: “=”: 从“fbxsdk::FbxDouble”转换到“float”，可能丢失数据
     1>F:\learn_opengl\learn_opengl\src\sb7\sb7fbxmodel.cpp(265): warning C4244: “=”: 从“fbxsdk::FbxDouble”转换到“float”，可能丢失数据
     1>F:\learn_opengl\learn_opengl\src\sb7\sb7fbxmodel.cpp(266): warning C4244: “=”: 从“fbxsdk::FbxDouble”转换到“float”，可能丢失数据
     1>F:\learn_opengl\learn_opengl\src\sb7\sb7fbxmodel.cpp(267): warning C4244: “=”: 从“fbxsdk::FbxDouble”转换到“float”，可能丢失数据
     1>F:\learn_opengl\learn_opengl\src\sb7\sb7fbxmodel.cpp(274): warning C4244: “=”: 从“fbxsdk::FbxDouble”转换到“float”，可能丢失数据
     1>F:\learn_opengl\learn_opengl\src\sb7\sb7fbxmodel.cpp(275): warning C4244: “=”: 从“fbxsdk::FbxDouble”转换到“float”，可能丢失数据
     1>F:\learn_opengl\learn_opengl\src\sb7\sb7fbxmodel.cpp(276): warning C4244: “=”: 从“fbxsdk::FbxDouble”转换到“float”，可能丢失数据
     1>F:\learn_opengl\learn_opengl\src\sb7\sb7fbxmodel.cpp(292): warning C4244: “=”: 从“fbxsdk::FbxDouble”转换到“float”，可能丢失数据
     1>F:\learn_opengl\learn_opengl\src\sb7\sb7fbxmodel.cpp(293): warning C4244: “=”: 从“fbxsdk::FbxDouble”转换到“float”，可能丢失数据
     1>F:\learn_opengl\learn_opengl\src\sb7\sb7fbxmodel.cpp(294): warning C4244: “=”: 从“fbxsdk::FbxDouble”转换到“float”，可能丢失数据
     1>F:\learn_opengl\learn_opengl\src\sb7\sb7fbxmodel.cpp(301): warning C4244: “=”: 从“fbxsdk::FbxDouble”转换到“float”，可能丢失数据
     1>F:\learn_opengl\learn_opengl\src\sb7\sb7fbxmodel.cpp(302): warning C4244: “=”: 从“fbxsdk::FbxDouble”转换到“float”，可能丢失数据
     1>F:\learn_opengl\learn_opengl\src\sb7\sb7fbxmodel.cpp(303): warning C4244: “=”: 从“fbxsdk::FbxDouble”转换到“float”，可能丢失数据
     1>F:\learn_opengl\learn_opengl\src\sb7\sb7fbxmodel.cpp(331): warning C4244: “=”: 从“fbxsdk::FbxDouble”转换到“float”，可能丢失数据
     1>F:\learn_opengl\learn_opengl\src\sb7\sb7fbxmodel.cpp(332): warning C4244: “=”: 从“fbxsdk::FbxDouble”转换到“float”，可能丢失数据
     1>F:\learn_opengl\learn_opengl\src\sb7\sb7fbxmodel.cpp(333): warning C4244: “=”: 从“fbxsdk::FbxDouble”转换到“float”，可能丢失数据
     1>F:\learn_opengl\learn_opengl\src\sb7\sb7fbxmodel.cpp(340): warning C4244: “=”: 从“fbxsdk::FbxDouble”转换到“float”，可能丢失数据
     1>F:\learn_opengl\learn_opengl\src\sb7\sb7fbxmodel.cpp(341): warning C4244: “=”: 从“fbxsdk::FbxDouble”转换到“float”，可能丢失数据
     1>F:\learn_opengl\learn_opengl\src\sb7\sb7fbxmodel.cpp(342): warning C4244: “=”: 从“fbxsdk::FbxDouble”转换到“float”，可能丢失数据
     1>F:\learn_opengl\learn_opengl\src\sb7\sb7fbxmodel.cpp(358): warning C4244: “=”: 从“fbxsdk::FbxDouble”转换到“float”，可能丢失数据
     1>F:\learn_opengl\learn_opengl\src\sb7\sb7fbxmodel.cpp(359): warning C4244: “=”: 从“fbxsdk::FbxDouble”转换到“float”，可能丢失数据
     1>F:\learn_opengl\learn_opengl\src\sb7\sb7fbxmodel.cpp(360): warning C4244: “=”: 从“fbxsdk::FbxDouble”转换到“float”，可能丢失数据
     1>F:\learn_opengl\learn_opengl\src\sb7\sb7fbxmodel.cpp(367): warning C4244: “=”: 从“fbxsdk::FbxDouble”转换到“float”，可能丢失数据
     1>F:\learn_opengl\learn_opengl\src\sb7\sb7fbxmodel.cpp(368): warning C4244: “=”: 从“fbxsdk::FbxDouble”转换到“float”，可能丢失数据
     1>F:\learn_opengl\learn_opengl\src\sb7\sb7fbxmodel.cpp(369): warning C4244: “=”: 从“fbxsdk::FbxDouble”转换到“float”，可能丢失数据
     1>F:\learn_opengl\learn_opengl\src\sb7\sb7fbxmodel.cpp(437): warning C4305: “参数”: 从“double”到“float”截断
       Lib:
         C:\Program Files (x86)\Microsoft Visual Studio 11.0\VC\bin\Lib.exe /OUT:"F:\learn_opengl\learn_opengl\lib\sb7_d.lib" /NOLOGO  /machine:X86 sb7.dir\Debug\sb7.obj
         sb7.dir\Debug\sb7color.obj
         sb7.dir\Debug\sb7ktx.obj
         sb7.dir\Debug\sb7fbxmodel.obj
         sb7.dir\Debug\sb7object.obj
         sb7.dir\Debug\sb7shader.obj
         sb7.dir\Debug\sb7textoverlay.obj
         sb7.dir\Debug\gl3w.obj
         sb7.vcxproj -> F:\learn_opengl\learn_opengl\lib\sb7_d.lib
     1>已完成生成项目“F:\learn_opengl\learn_opengl\build\sb7.vcxproj”(Build 个目标)的操作。

生成成功。

已用时间 00:00:02.44
