F:\LEARN_OPENGL\LEARN_OPENGL\BUILD\SB7.DIR\DEBUG\SB7TEXTOVERLAY.OBJ
F:\LEARN_OPENGL\LEARN_OPENGL\BUILD\SB7.DIR\DEBUG\SB7SHADER.OBJ
F:\LEARN_OPENGL\LEARN_OPENGL\BUILD\SB7.DIR\DEBUG\SB7OBJECT.OBJ
F:\LEARN_OPENGL\LEARN_OPENGL\BUILD\SB7.DIR\DEBUG\SB7KTX.OBJ
F:\LEARN_OPENGL\LEARN_OPENGL\BUILD\SB7.DIR\DEBUG\SB7COLOR.OBJ
F:\LEARN_OPENGL\LEARN_OPENGL\BUILD\SB7.DIR\DEBUG\SB7.OBJ
F:\LEARN_OPENGL\LEARN_OPENGL\BUILD\CMAKEFILES\GENERATE.STAMP
F:\learn_opengl\learn_opengl\build\sb7.dir\Debug\sb7.obj
F:\learn_opengl\learn_opengl\build\sb7.dir\Debug\sb7color.obj
F:\learn_opengl\learn_opengl\build\sb7.dir\Debug\sb7ktx.obj
F:\learn_opengl\learn_opengl\build\sb7.dir\Debug\sb7object.obj
F:\learn_opengl\learn_opengl\build\sb7.dir\Debug\sb7shader.obj
F:\learn_opengl\learn_opengl\build\sb7.dir\Debug\sb7textoverlay.obj
F:\learn_opengl\learn_opengl\build\sb7.dir\Debug\cl.command.1.tlog
F:\learn_opengl\learn_opengl\build\sb7.dir\Debug\CL.read.1.tlog
F:\learn_opengl\learn_opengl\build\sb7.dir\Debug\CL.write.1.tlog
F:\learn_opengl\learn_opengl\build\sb7.dir\Debug\custombuild.command.1.tlog
F:\learn_opengl\learn_opengl\build\sb7.dir\Debug\custombuild.read.1.tlog
F:\learn_opengl\learn_opengl\build\sb7.dir\Debug\custombuild.write.1.tlog
F:\learn_opengl\learn_opengl\build\sb7.dir\Debug\vc110.pdb
