生成启动时间为 2016/6/5 22:49:12。
     1>项目“F:\learn_opengl\learn_opengl\build\draw_triangle.vcxproj”在节点 2 上(Build 个目标)。
     1>Link:
         C:\Program Files (x86)\Microsoft Visual Studio 11.0\VC\bin\link.exe /ERRORREPORT:PROMPT /OUT:"F:\learn_opengl\learn_opengl\bin\draw_triangle_d.exe" /INCREMENTAL /NOLOGO /LIBPATH:F:/learn_opengl/learn_opengl/lib /LIBPATH:F:/learn_opengl/learn_opengl/lib/Debug kernel32.lib user32.lib gdi32.lib winspool.lib shell32.lib ole32.lib oleaut32.lib uuid.lib comdlg32.lib advapi32.lib ..\lib\sb7_d.lib FreeImage.lib libfbxsdk.lib glfw3_d.lib glu32.lib opengl32.lib /MANIFEST /MANIFESTUAC:"level='asInvoker' uiAccess='false'" /manifest:embed /DEBUG /PDB:"F:/learn_opengl/learn_opengl/bin/draw_triangle_d.pdb" /SUBSYSTEM:WINDOWS /TLBID:1 /DYNAMICBASE /NXCOMPAT /IMPLIB:"F:/learn_opengl/learn_opengl/lib/draw_triangle_d.lib" /MACHINE:X86 /SAFESEH  /machine:X86 draw_triangle.dir\Debug\draw_triangle.obj
     1>glfw3_d.lib(context.obj) : warning LNK4099: 未找到 PDB“vc110.pdb”(使用“glfw3_d.lib(context.obj)”或在“F:\learn_opengl\learn_opengl\bin\vc110.pdb”中寻找)；正在链接对象，如同没有调试信息一样
     1>glfw3_d.lib(gamma.obj) : warning LNK4099: 未找到 PDB“vc110.pdb”(使用“glfw3_d.lib(gamma.obj)”或在“F:\learn_opengl\learn_opengl\bin\vc110.pdb”中寻找)；正在链接对象，如同没有调试信息一样
     1>glfw3_d.lib(init.obj) : warning LNK4099: 未找到 PDB“vc110.pdb”(使用“glfw3_d.lib(init.obj)”或在“F:\learn_opengl\learn_opengl\bin\vc110.pdb”中寻找)；正在链接对象，如同没有调试信息一样
     1>glfw3_d.lib(input.obj) : warning LNK4099: 未找到 PDB“vc110.pdb”(使用“glfw3_d.lib(input.obj)”或在“F:\learn_opengl\learn_opengl\bin\vc110.pdb”中寻找)；正在链接对象，如同没有调试信息一样
     1>glfw3_d.lib(monitor.obj) : warning LNK4099: 未找到 PDB“vc110.pdb”(使用“glfw3_d.lib(monitor.obj)”或在“F:\learn_opengl\learn_opengl\bin\vc110.pdb”中寻找)；正在链接对象，如同没有调试信息一样
     1>glfw3_d.lib(time.obj) : warning LNK4099: 未找到 PDB“vc110.pdb”(使用“glfw3_d.lib(time.obj)”或在“F:\learn_opengl\learn_opengl\bin\vc110.pdb”中寻找)；正在链接对象，如同没有调试信息一样
     1>glfw3_d.lib(window.obj) : warning LNK4099: 未找到 PDB“vc110.pdb”(使用“glfw3_d.lib(window.obj)”或在“F:\learn_opengl\learn_opengl\bin\vc110.pdb”中寻找)；正在链接对象，如同没有调试信息一样
     1>glfw3_d.lib(win32_gamma.obj) : warning LNK4099: 未找到 PDB“vc110.pdb”(使用“glfw3_d.lib(win32_gamma.obj)”或在“F:\learn_opengl\learn_opengl\bin\vc110.pdb”中寻找)；正在链接对象，如同没有调试信息一样
     1>glfw3_d.lib(win32_init.obj) : warning LNK4099: 未找到 PDB“vc110.pdb”(使用“glfw3_d.lib(win32_init.obj)”或在“F:\learn_opengl\learn_opengl\bin\vc110.pdb”中寻找)；正在链接对象，如同没有调试信息一样
     1>glfw3_d.lib(win32_joystick.obj) : warning LNK4099: 未找到 PDB“vc110.pdb”(使用“glfw3_d.lib(win32_joystick.obj)”或在“F:\learn_opengl\learn_opengl\bin\vc110.pdb”中寻找)；正在链接对象，如同没有调试信息一样
     1>glfw3_d.lib(win32_monitor.obj) : warning LNK4099: 未找到 PDB“vc110.pdb”(使用“glfw3_d.lib(win32_monitor.obj)”或在“F:\learn_opengl\learn_opengl\bin\vc110.pdb”中寻找)；正在链接对象，如同没有调试信息一样
     1>glfw3_d.lib(win32_time.obj) : warning LNK4099: 未找到 PDB“vc110.pdb”(使用“glfw3_d.lib(win32_time.obj)”或在“F:\learn_opengl\learn_opengl\bin\vc110.pdb”中寻找)；正在链接对象，如同没有调试信息一样
     1>glfw3_d.lib(win32_window.obj) : warning LNK4099: 未找到 PDB“vc110.pdb”(使用“glfw3_d.lib(win32_window.obj)”或在“F:\learn_opengl\learn_opengl\bin\vc110.pdb”中寻找)；正在链接对象，如同没有调试信息一样
     1>glfw3_d.lib(wgl_context.obj) : warning LNK4099: 未找到 PDB“vc110.pdb”(使用“glfw3_d.lib(wgl_context.obj)”或在“F:\learn_opengl\learn_opengl\bin\vc110.pdb”中寻找)；正在链接对象，如同没有调试信息一样
         draw_triangle.vcxproj -> F:\learn_opengl\learn_opengl\bin\draw_triangle_d.exe
     1>已完成生成项目“F:\learn_opengl\learn_opengl\build\draw_triangle.vcxproj”(Build 个目标)的操作。

生成成功。

已用时间 00:00:00.93
