生成启动时间为 2016/6/5 0:40:20。
     1>项目“F:\learn_opengl\learn_opengl\build\sb7.vcxproj”在节点 2 上(Rebuild 个目标)。
     1>CustomBuild:
         Building Custom Rule F:/learn_opengl/learn_opengl/CMakeLists.txt
         CMake does not need to re-run because F:\learn_opengl\learn_opengl\build\CMakeFiles\generate.stamp is up-to-date.
       ClCompile:
         C:\Program Files (x86)\Microsoft Visual Studio 11.0\VC\bin\CL.exe /c /IF:\learn_opengl\learn_opengl\include /I"F:\learn_opengl\learn_opengl\extern\glfw-3.0.4\include" /nologo /W3 /WX- /O2 /Ob2 /Oy- /D WIN32 /D _WINDOWS /D NDEBUG /D "CMAKE_INTDIR=\"Release\"" /D _MBCS /Gm- /EHsc /MD /GS /fp:precise /Zc:wchar_t /Zc:forScope /GR /openmp /Fo"sb7.dir\Release\\" /Fd"sb7.dir\Release\vc110.pdb" /Gd /TP /analyze- /errorReport:prompt F:\learn_opengl\learn_opengl\src\sb7\sb7.cpp F:\learn_opengl\learn_opengl\src\sb7\sb7color.cpp F:\learn_opengl\learn_opengl\src\sb7\sb7ktx.cpp F:\learn_opengl\learn_opengl\src\sb7\sb7object.cpp F:\learn_opengl\learn_opengl\src\sb7\sb7shader.cpp F:\learn_opengl\learn_opengl\src\sb7\sb7textoverlay.cpp
         sb7.cpp
     1>F:\learn_opengl\learn_opengl\include\sb7.h : warning C4819: 该文件包含不能在当前代码页(936)中表示的字符。请将该文件保存为 Unicode 格式以防止数据丢失
     1>f:\learn_opengl\learn_opengl\include\sb7ext.h : warning C4819: 该文件包含不能在当前代码页(936)中表示的字符。请将该文件保存为 Unicode 格式以防止数据丢失
         sb7color.cpp
     1>F:\learn_opengl\learn_opengl\include\sb7color.h : warning C4819: 该文件包含不能在当前代码页(936)中表示的字符。请将该文件保存为 Unicode 格式以防止数据丢失
         sb7ktx.cpp
     1>F:\learn_opengl\learn_opengl\src\sb7\sb7ktx.cpp : warning C4819: 该文件包含不能在当前代码页(936)中表示的字符。请将该文件保存为 Unicode 格式以防止数据丢失
         sb7object.cpp
     1>F:\learn_opengl\learn_opengl\include\object.h : warning C4819: 该文件包含不能在当前代码页(936)中表示的字符。请将该文件保存为 Unicode 格式以防止数据丢失
     1>f:\learn_opengl\learn_opengl\include\sb6mfile.h : warning C4819: 该文件包含不能在当前代码页(936)中表示的字符。请将该文件保存为 Unicode 格式以防止数据丢失
         sb7shader.cpp
         sb7textoverlay.cpp
     1>F:\learn_opengl\learn_opengl\include\sb7.h : warning C4819: 该文件包含不能在当前代码页(936)中表示的字符。请将该文件保存为 Unicode 格式以防止数据丢失
     1>f:\learn_opengl\learn_opengl\include\sb7ext.h : warning C4819: 该文件包含不能在当前代码页(936)中表示的字符。请将该文件保存为 Unicode 格式以防止数据丢失
         正在生成代码...
         C:\Program Files (x86)\Microsoft Visual Studio 11.0\VC\bin\CL.exe /c /IF:\learn_opengl\learn_opengl\include /I"F:\learn_opengl\learn_opengl\extern\glfw-3.0.4\include" /nologo /W3 /WX- /O2 /Ob2 /Oy- /D WIN32 /D _WINDOWS /D NDEBUG /D "CMAKE_INTDIR=\"Release\"" /D _MBCS /Gm- /EHsc /MD /GS /fp:precise /Zc:wchar_t /Zc:forScope /GR /openmp /Fo"sb7.dir\Release\\" /Fd"sb7.dir\Release\vc110.pdb" /Gd /TC /analyze- /errorReport:prompt F:\learn_opengl\learn_opengl\src\sb7\gl3w.c
         gl3w.c
       Lib:
         C:\Program Files (x86)\Microsoft Visual Studio 11.0\VC\bin\Lib.exe /OUT:"F:\learn_opengl\learn_opengl\lib\sb7.lib" /NOLOGO  /machine:X86 sb7.dir\Release\sb7.obj
         sb7.dir\Release\sb7color.obj
         sb7.dir\Release\sb7ktx.obj
         sb7.dir\Release\sb7object.obj
         sb7.dir\Release\sb7shader.obj
         sb7.dir\Release\sb7textoverlay.obj
         sb7.dir\Release\gl3w.obj
         sb7.vcxproj -> F:\learn_opengl\learn_opengl\lib\sb7.lib
     1>已完成生成项目“F:\learn_opengl\learn_opengl\build\sb7.vcxproj”(Rebuild 个目标)的操作。

生成成功。

已用时间 00:00:03.08
